Requirement already satisfied: flask==3.0.0 in .\.venv\Lib\site-packages (from -r backend\requirements.txt (line 1)) (3.0.0)
Requirement already satisfied: flask-socketio==5.3.6 in .\.venv\Lib\site-packages (from -r backend\requirements.txt (line 2)) (5.3.6)
Requirement already satisfied: pyserial==3.5 in .\.venv\Lib\site-packages (from -r backend\requirements.txt (line 3)) (3.5)
Requirement already satisfied: eventlet==0.33.3 in .\.venv\Lib\site-packages (from -r backend\requirements.txt (line 4)) (0.33.3)
Requirement already satisfied: python-dotenv==1.0.0 in .\.venv\Lib\site-packages (from -r backend\requirements.txt (line 5)) (1.0.0)
Requirement already satisfied: Werkzeug>=3.0.0 in .\.venv\Lib\site-packages (from flask==3.0.0->-r backend\requirements.txt (line 1)) (3.1.8)
Requirement already satisfied: Jinja2>=3.1.2 in .\.venv\Lib\site-packages (from flask==3.0.0->-r backend\requirements.txt (line 1)) (3.1.6)
Requirement already satisfied: itsdangerous>=2.1.2 in .\.venv\Lib\site-packages (from flask==3.0.0->-r backend\requirements.txt (line 1)) (2.2.0)
Requirement already satisfied: click>=8.1.3 in .\.venv\Lib\site-packages (from flask==3.0.0->-r backend\requirements.txt (line 1)) (8.3.3)
Requirement already satisfied: blinker>=1.6.2 in .\.venv\Lib\site-packages (from flask==3.0.0->-r backend\requirements.txt (line 1)) (1.9.0)
Requirement already satisfied: python-socketio>=5.0.2 in .\.venv\Lib\site-packages (from flask-socketio==5.3.6->-r backend\requirements.txt (line 2)) (5.16.1)
Requirement already satisfied: dnspython>=1.15.0 in .\.venv\Lib\site-packages (from eventlet==0.33.3->-r backend\requirements.txt (line 4)) (2.8.0)
Requirement already satisfied: greenlet>=0.3 in .\.venv\Lib\site-packages (from eventlet==0.33.3->-r backend\requirements.txt (line 4)) (3.5.0)
Requirement already satisfied: six>=1.10.0 in .\.venv\Lib\site-packages (from eventlet==0.33.3->-r backend\requirements.txt (line 4)) (1.17.0)
Requirement already satisfied: colorama in .\.venv\Lib\site-packages (from click>=8.1.3->flask==3.0.0->-r backend\requirements.txt (line 1)) (0.4.6)
Requirement already satisfied: MarkupSafe>=2.0 in .\.venv\Lib\site-packages (from Jinja2>=3.1.2->flask==3.0.0->-r backend\requirements.txt (line 1)) (3.0.3)
Requirement already satisfied: bidict>=0.21.0 in .\.venv\Lib\site-packages (from python-socketio>=5.0.2->flask-socketio==5.3.6->-r backend\requirements.txt (line 2)) (0.23.1)
Requirement already satisfied: python-engineio>=4.11.0 in .\.venv\Lib\site-packages (from python-socketio>=5.0.2->flask-socketio==5.3.6->-r backend\requirements.txt (line 2)) (4.13.1)
Requirement already satisfied: simple-websocket>=0.10.0 in .\.venv\Lib\site-packages (from python-engineio>=4.11.0->python-socketio>=5.0.2->flask-socketio==5.3.6->-r backend\requirements.txt (line 2)) (1.1.0)
Requirement already satisfied: wsproto in .\.venv\Lib\site-packages (from simple-websocket>=0.10.0->python-engineio>=4.11.0->python-socketio>=5.0.2->flask-socketio==5.3.6->-r backend\requirements.txt (line 2)) (1.3.2)
Requirement already satisfied: h11<1,>=0.16.0 in .\.venv\Lib\site-packages (from wsproto->simple-websocket>=0.10.0->python-engineio>=4.11.0->python-socketio>=5.0.2->flask-socketio==5.3.6->-r backend\requirements.txt (line 2)) (0.16.0)
Requirement already satisfied: eventlet in .\.venv\Lib\site-packages (0.33.3)
Requirement already satisfied: dnspython>=1.15.0 in .\.venv\Lib\site-packages (from eventlet) (2.8.0)
Requirement already satisfied: greenlet>=0.3 in .\.venv\Lib\site-packages (from eventlet) (3.5.0)
Requirement already satisfied: six>=1.10.0 in .\.venv\Lib\site-packages (from eventlet) (1.17.0)
